RUN	SwaggerSimulation	swaggersimulation	1724317116922	 	3.9.0
USER	Swagger Petstore API Test	START	1724317117867
REQUEST		Get Pet by ID	1724317117875	1724317118417	KO	status.find.is(200), but actually found 404
USER	Swagger Petstore API Test	START	1724317118864
REQUEST		Get Pet by ID	1724317118865	1724317119430	KO	status.find.is(200), but actually found 404
REQUEST		Find Pets by Status	1724317119431	1724317119707	OK	 
USER	Swagger Petstore API Test	START	1724317119864
REQUEST		Get Pet by ID	1724317119865	1724317120408	OK	 
REQUEST		Find Pets by Status	1724317120433	1724317120720	OK	 
REQUEST		Add New Pet	1724317120717	1724317120853	OK	 
USER	Swagger Petstore API Test	START	1724317120862
REQUEST		Get Pet by ID	1724317120863	1724317121413	OK	 
REQUEST		Find Pets by Status	1724317121411	1724317121684	OK	 
USER	Swagger Petstore API Test	START	1724317121863
REQUEST		Add New Pet	1724317121722	1724317121865	OK	 
REQUEST		Update Pet	1724317121856	1724317121990	OK	 
REQUEST		Get Pet by ID	1724317121864	1724317122427	KO	status.find.is(200), but actually found 404
REQUEST		Find Pets by Status	1724317122417	1724317122688	OK	 
REQUEST		Add New Pet	1724317122687	1724317122823	OK	 
USER	Swagger Petstore API Test	START	1724317122862
REQUEST		Update Pet	1724317122867	1724317123007	OK	 
REQUEST		Delete Pet	1724317122994	1724317123130	OK	 
REQUEST		Get Pet by ID	1724317122863	1724317123398	OK	 
REQUEST		Find Pets by Status	1724317123430	1724317123702	OK	 
REQUEST		Add New Pet	1724317123690	1724317123825	OK	 
USER	Swagger Petstore API Test	START	1724317123862
REQUEST		Update Pet	1724317123825	1724317123960	OK	 
USER	Swagger Petstore API Test	END	1724317124139
REQUEST		Delete Pet	1724317124010	1724317124153	OK	 
REQUEST		Get Pet by ID	1724317123863	1724317124416	OK	 
REQUEST		Find Pets by Status	1724317124403	1724317124670	OK	 
REQUEST		Add New Pet	1724317124705	1724317124843	OK	 
USER	Swagger Petstore API Test	START	1724317124862
REQUEST		Update Pet	1724317124827	1724317124964	OK	 
REQUEST		Delete Pet	1724317124963	1724317125100	OK	 
USER	Swagger Petstore API Test	END	1724317125156
REQUEST		Get Pet by ID	1724317124864	1724317125402	KO	status.find.is(200), but actually found 404
REQUEST		Find Pets by Status	1724317125419	1724317125700	OK	 
REQUEST		Add New Pet	1724317125673	1724317125807	OK	 
USER	Swagger Petstore API Test	START	1724317125862
REQUEST		Update Pet	1724317125846	1724317125981	OK	 
REQUEST		Delete Pet	1724317125966	1724317126102	OK	 
USER	Swagger Petstore API Test	END	1724317126104
REQUEST		Get Pet by ID	1724317125862	1724317126405	KO	status.find.is(200), but actually found 404
REQUEST		Find Pets by Status	1724317126404	1724317126671	OK	 
REQUEST		Add New Pet	1724317126702	1724317126839	OK	 
USER	Swagger Petstore API Test	START	1724317126863
REQUEST		Update Pet	1724317126809	1724317126944	OK	 
USER	Swagger Petstore API Test	END	1724317127105
REQUEST		Delete Pet	1724317126983	1724317127122	OK	 
REQUEST		Get Pet by ID	1724317126865	1724317127404	KO	status.find.is(200), but actually found 404
REQUEST		Find Pets by Status	1724317127408	1724317127679	OK	 
REQUEST		Add New Pet	1724317127674	1724317127811	OK	 
REQUEST		Update Pet	1724317127842	1724317127981	OK	 
REQUEST		Delete Pet	1724317127947	1724317128079	OK	 
USER	Swagger Petstore API Test	END	1724317128124
REQUEST		Find Pets by Status	1724317128407	1724317128679	OK	 
REQUEST		Add New Pet	1724317128682	1724317128816	OK	 
REQUEST		Update Pet	1724317128814	1724317128980	OK	 
USER	Swagger Petstore API Test	END	1724317129083
REQUEST		Delete Pet	1724317128984	1724317129142	OK	 
REQUEST		Add New Pet	1724317129682	1724317129819	OK	 
REQUEST		Update Pet	1724317129819	1724317129962	OK	 
REQUEST		Delete Pet	1724317129984	1724317130123	OK	 
USER	Swagger Petstore API Test	END	1724317130146
REQUEST		Update Pet	1724317130822	1724317130955	OK	 
REQUEST		Delete Pet	1724317130964	1724317131101	OK	 
USER	Swagger Petstore API Test	END	1724317131127
REQUEST		Delete Pet	1724317131958	1724317132093	KO	status.find.is(200), but actually found 404
USER	Swagger Petstore API Test	END	1724317132104
USER	Swagger Petstore API Test	END	1724317133096
